Performing C SOURCE FILE Test CMAKE_HAVE_LIBC_PTHREAD failed with the following output:
Change Dir: /home/schnitjn/NumSim/CMakeFiles/CMakeTmp

Run Build Command(s):/usr/bin/make cmTC_2da7a/fast && /usr/bin/make  -f CMakeFiles/cmTC_2da7a.dir/build.make CMakeFiles/cmTC_2da7a.dir/build
make[1]: Entering directory '/home/schnitjn/NumSim/CMakeFiles/CMakeTmp'
Building C object CMakeFiles/cmTC_2da7a.dir/src.c.o
/usr/local.nfs/sgs/software/argon-tesla/gcc/10.2-openmp-custom/install/bin/gcc   -DCMAKE_HAVE_LIBC_PTHREAD -o CMakeFiles/cmTC_2da7a.dir/src.c.o -c /home/schnitjn/NumSim/CMakeFiles/CMakeTmp/src.c
Linking C executable cmTC_2da7a
/import/sgs.local/software/cmake/cmake-3.18.2-Linux-x86_64/bin/cmake -E cmake_link_script CMakeFiles/cmTC_2da7a.dir/link.txt --verbose=1
/usr/local.nfs/sgs/software/argon-tesla/gcc/10.2-openmp-custom/install/bin/gcc  -DCMAKE_HAVE_LIBC_PTHREAD CMakeFiles/cmTC_2da7a.dir/src.c.o -o cmTC_2da7a 
/usr/bin/ld: CMakeFiles/cmTC_2da7a.dir/src.c.o: in function `main':
src.c:(.text+0x2d): undefined reference to `pthread_create'
/usr/bin/ld: src.c:(.text+0x39): undefined reference to `pthread_detach'
/usr/bin/ld: src.c:(.text+0x45): undefined reference to `pthread_cancel'
/usr/bin/ld: src.c:(.text+0x56): undefined reference to `pthread_join'
collect2: error: ld returned 1 exit status
make[1]: *** [CMakeFiles/cmTC_2da7a.dir/build.make:106: cmTC_2da7a] Error 1
make[1]: Leaving directory '/home/schnitjn/NumSim/CMakeFiles/CMakeTmp'
make: *** [Makefile:140: cmTC_2da7a/fast] Error 2


Source file was:
#include <pthread.h>

void* test_func(void* data)
{
  return data;
}

int main(void)
{
  pthread_t thread;
  pthread_create(&thread, NULL, test_func, NULL);
  pthread_detach(thread);
  pthread_cancel(thread);
  pthread_join(thread, NULL);
  pthread_atfork(NULL, NULL, NULL);
  pthread_exit(NULL);

  return 0;
}

Determining if the function pthread_create exists in the pthreads failed with the following output:
Change Dir: /home/schnitjn/NumSim/CMakeFiles/CMakeTmp

Run Build Command(s):/usr/bin/make cmTC_c3f75/fast && /usr/bin/make  -f CMakeFiles/cmTC_c3f75.dir/build.make CMakeFiles/cmTC_c3f75.dir/build
make[1]: Entering directory '/home/schnitjn/NumSim/CMakeFiles/CMakeTmp'
Building C object CMakeFiles/cmTC_c3f75.dir/CheckFunctionExists.c.o
/usr/local.nfs/sgs/software/argon-tesla/gcc/10.2-openmp-custom/install/bin/gcc   -DCHECK_FUNCTION_EXISTS=pthread_create -o CMakeFiles/cmTC_c3f75.dir/CheckFunctionExists.c.o -c /import/sgs.local/software/cmake/cmake-3.18.2-Linux-x86_64/share/cmake-3.18/Modules/CheckFunctionExists.c
Linking C executable cmTC_c3f75
/import/sgs.local/software/cmake/cmake-3.18.2-Linux-x86_64/bin/cmake -E cmake_link_script CMakeFiles/cmTC_c3f75.dir/link.txt --verbose=1
/usr/local.nfs/sgs/software/argon-tesla/gcc/10.2-openmp-custom/install/bin/gcc  -DCHECK_FUNCTION_EXISTS=pthread_create CMakeFiles/cmTC_c3f75.dir/CheckFunctionExists.c.o -o cmTC_c3f75  -lpthreads 
/usr/bin/ld: cannot find -lpthreads
collect2: error: ld returned 1 exit status
make[1]: *** [CMakeFiles/cmTC_c3f75.dir/build.make:106: cmTC_c3f75] Error 1
make[1]: Leaving directory '/home/schnitjn/NumSim/CMakeFiles/CMakeTmp'
make: *** [Makefile:140: cmTC_c3f75/fast] Error 2



